<?xml version="1.0" encoding="UTF-8"?>
<!-- Generated by org.testng.reporters.JUnitXMLReporter -->
<testsuite ignored="4" hostname="DESKTOP-06CFBTH" failures="0" tests="6" name="Test1" time="0.134" errors="0" timestamp="2022-05-19T22:01:20 IST">
  <testcase classname="com.vtiger.practiceTest.TestngPractice1Test" name="practice1Test" time="0.011"/>
  <testcase classname="com.vtiger.practiceTest.TestngPractice1Test" name="practice2Test" time="0.003"/>
  <testcase classname="com.vtiger.practiceTest.TestngPractice1Test" name="practice3Test" time="0.002"/>
  <testcase classname="com.vtiger.practiceTest.TestngPractice2Test" name="practice1Test" time="0.005"/>
  <testcase classname="com.vtiger.practiceTest.TestngPractice2Test" name="practice2Test" time="0.002"/>
  <testcase classname="com.vtiger.practiceTest.TestngPractice2Test" name="practice3Test" time="0.005"/>
  <testcase classname="com.vtiger.practiceTest.TestngBasicConfigAnnotationsTest" name="@AfterSuite afterSuite1Test" time="0.0">
    <ignored/>
  </testcase> <!-- @AfterSuite afterSuite1Test -->
  <testcase classname="com.vtiger.practiceTest.TestngBasicConfigAnnotationsTest" name="@BeforeSuite beforeSuite1Test" time="0.0">
    <ignored/>
  </testcase> <!-- @BeforeSuite beforeSuite1Test -->
  <testcase classname="com.vtiger.practiceTest.TestngBasicConfigAnnotationsTest" name="@BeforeTest beforeTest1Test" time="0.0">
    <ignored/>
  </testcase> <!-- @BeforeTest beforeTest1Test -->
  <testcase classname="com.vtiger.practiceTest.TestngBasicConfigAnnotationsTest" name="@AfterTest afterTest1Test" time="0.0">
    <ignored/>
  </testcase> <!-- @AfterTest afterTest1Test -->
</testsuite> <!-- Test1 -->
