<?xml version="1.0" encoding="UTF-8"?>
<!-- Generated by org.testng.reporters.JUnitXMLReporter -->
<testsuite ignored="2" hostname="DESKTOP-06CFBTH" failures="0" tests="2" name="Test2" time="189.741" errors="0" timestamp="2022-05-26T18:05:48 IST">
  <testcase classname="com.vtiger.campaignTest.CreateCampaignWithProductTest" name="createCamWithProdTest" time="103.598"/>
  <testcase classname="com.vtiger.campaignTest.CreateCampaignTest" name="createCampaignTest" time="21.239"/>
  <testcase classname="com.sdet34l1.genericLibrary.BaseClass" name="@AfterSuite afterSuite1Test" time="0.0">
    <ignored/>
  </testcase> <!-- @AfterSuite afterSuite1Test -->
  <testcase classname="com.sdet34l1.genericLibrary.BaseClass" name="@BeforeSuite beforeSuite1Test" time="0.0">
    <ignored/>
  </testcase> <!-- @BeforeSuite beforeSuite1Test -->
</testsuite> <!-- Test2 -->
